[2026-06-06T08:12:47.191+0000] {local_task_job_runner.py:123} INFO - ::group::Pre task execution logs
[2026-06-06T08:12:47.223+0000] {taskinstance.py:2614} INFO - Dependencies all met for dep_context=non-requeueable deps ti=<TaskInstance: operational_analyst_dag.create_staging_tables scheduled__2025-12-31T17:00:00+00:00 [queued]>
[2026-06-06T08:12:47.238+0000] {taskinstance.py:2614} INFO - Dependencies all met for dep_context=requeueable deps ti=<TaskInstance: operational_analyst_dag.create_staging_tables scheduled__2025-12-31T17:00:00+00:00 [queued]>
[2026-06-06T08:12:47.240+0000] {taskinstance.py:2867} INFO - Starting attempt 1 of 2
[2026-06-06T08:12:47.259+0000] {taskinstance.py:2890} INFO - Executing <Task(PythonOperator): create_staging_tables> on 2025-12-31 17:00:00+00:00
[2026-06-06T08:12:47.271+0000] {standard_task_runner.py:72} INFO - Started process 301 to run task
[2026-06-06T08:12:47.277+0000] {standard_task_runner.py:104} INFO - Running: ['***', 'tasks', 'run', 'operational_analyst_dag', 'create_staging_tables', 'scheduled__2025-12-31T17:00:00+00:00', '--job-id', '3', '--raw', '--subdir', 'DAGS_FOLDER/operational_analyst_dag.py', '--cfg-path', '/tmp/tmp1yja423i']
[2026-06-06T08:12:47.284+0000] {standard_task_runner.py:105} INFO - Job 3: Subtask create_staging_tables
[2026-06-06T08:12:47.390+0000] {task_command.py:467} INFO - Running <TaskInstance: operational_analyst_dag.create_staging_tables scheduled__2025-12-31T17:00:00+00:00 [running]> on host bc2514ec4b35
[2026-06-06T08:12:47.649+0000] {taskinstance.py:3134} INFO - Exporting env vars: AIRFLOW_CTX_DAG_OWNER='operational_analyst' AIRFLOW_CTX_DAG_ID='operational_analyst_dag' AIRFLOW_CTX_TASK_ID='create_staging_tables' AIRFLOW_CTX_EXECUTION_DATE='2025-12-31T17:00:00+00:00' AIRFLOW_CTX_TRY_NUMBER='1' AIRFLOW_CTX_DAG_RUN_ID='scheduled__2025-12-31T17:00:00+00:00'
[2026-06-06T08:12:47.655+0000] {taskinstance.py:732} INFO - ::endgroup::
[2026-06-06T08:12:47.985+0000] {operational_analyst_dag.py:80} INFO - Executed: DROP TABLE IF EXISTS stg_order_items...
[2026-06-06T08:12:47.989+0000] {operational_analyst_dag.py:80} INFO - Executed: DROP TABLE IF EXISTS stg_customers...
[2026-06-06T08:12:47.993+0000] {operational_analyst_dag.py:80} INFO - Executed: DROP TABLE IF EXISTS stg_sellers...
[2026-06-06T08:12:47.997+0000] {operational_analyst_dag.py:80} INFO - Executed: DROP TABLE IF EXISTS stg_geolocation...
[2026-06-06T08:12:48.001+0000] {operational_analyst_dag.py:80} INFO - Executed: DROP TABLE IF EXISTS stg_products...
[2026-06-06T08:12:48.006+0000] {operational_analyst_dag.py:80} INFO - Executed: DROP TABLE IF EXISTS stg_order_reviews...
[2026-06-06T08:12:48.008+0000] {operational_analyst_dag.py:84} INFO - Staging tables created successfully.
[2026-06-06T08:12:48.010+0000] {python.py:240} INFO - Done. Returned value was: None
[2026-06-06T08:12:48.052+0000] {taskinstance.py:341} INFO - ::group::Post task execution logs
[2026-06-06T08:12:48.056+0000] {taskinstance.py:353} INFO - Marking task as SUCCESS. dag_id=operational_analyst_dag, task_id=create_staging_tables, run_id=scheduled__2025-12-31T17:00:00+00:00, execution_date=20251231T170000, start_date=20260606T081247, end_date=20260606T081248
[2026-06-06T08:12:48.177+0000] {local_task_job_runner.py:266} INFO - Task exited with return code 0
[2026-06-06T08:12:48.263+0000] {taskinstance.py:3901} INFO - 7 downstream tasks scheduled from follow-on schedule check
[2026-06-06T08:12:48.266+0000] {local_task_job_runner.py:245} INFO - ::endgroup::
