[2026-06-06T08:41:04.666+0000] {local_task_job_runner.py:123} INFO - ::group::Pre task execution logs
[2026-06-06T08:41:04.699+0000] {taskinstance.py:2614} INFO - Dependencies all met for dep_context=non-requeueable deps ti=<TaskInstance: operational_analyst_dag.load_geolocation scheduled__2025-12-31T17:00:00+00:00 [queued]>
[2026-06-06T08:41:04.717+0000] {taskinstance.py:2614} INFO - Dependencies all met for dep_context=requeueable deps ti=<TaskInstance: operational_analyst_dag.load_geolocation scheduled__2025-12-31T17:00:00+00:00 [queued]>
[2026-06-06T08:41:04.720+0000] {taskinstance.py:2867} INFO - Starting attempt 3 of 4
[2026-06-06T08:41:04.735+0000] {taskinstance.py:2890} INFO - Executing <Task(PythonOperator): load_geolocation> on 2025-12-31 17:00:00+00:00
[2026-06-06T08:41:04.750+0000] {standard_task_runner.py:72} INFO - Started process 1340 to run task
[2026-06-06T08:41:04.754+0000] {standard_task_runner.py:104} INFO - Running: ['***', 'tasks', 'run', 'operational_analyst_dag', 'load_geolocation', 'scheduled__2025-12-31T17:00:00+00:00', '--job-id', '64', '--raw', '--subdir', 'DAGS_FOLDER/operational_analyst_dag.py', '--cfg-path', '/tmp/tmpgry7m9jk']
[2026-06-06T08:41:04.759+0000] {standard_task_runner.py:105} INFO - Job 64: Subtask load_geolocation
[2026-06-06T08:41:04.842+0000] {task_command.py:467} INFO - Running <TaskInstance: operational_analyst_dag.load_geolocation scheduled__2025-12-31T17:00:00+00:00 [running]> on host bc2514ec4b35
[2026-06-06T08:41:04.937+0000] {taskinstance.py:3134} INFO - Exporting env vars: AIRFLOW_CTX_DAG_OWNER='operational_analyst' AIRFLOW_CTX_DAG_ID='operational_analyst_dag' AIRFLOW_CTX_TASK_ID='load_geolocation' AIRFLOW_CTX_EXECUTION_DATE='2025-12-31T17:00:00+00:00' AIRFLOW_CTX_TRY_NUMBER='3' AIRFLOW_CTX_DAG_RUN_ID='scheduled__2025-12-31T17:00:00+00:00'
[2026-06-06T08:41:04.939+0000] {taskinstance.py:732} INFO - ::endgroup::
[2026-06-06T08:41:05.852+0000] {operational_analyst_dag.py:210} INFO -   Loaded geolocation.csv: 1,000,163 baris (raw)
[2026-06-06T08:41:08.619+0000] {operational_analyst_dag.py:226} INFO -   Geolocation setelah agregasi: 19,015 baris
[2026-06-06T08:41:08.664+0000] {operational_analyst_dag.py:232} INFO - stg_geolocation loaded: 19,015 baris
[2026-06-06T08:41:08.717+0000] {python.py:240} INFO - Done. Returned value was: None
[2026-06-06T08:41:08.731+0000] {taskinstance.py:341} INFO - ::group::Post task execution logs
[2026-06-06T08:41:08.733+0000] {taskinstance.py:353} INFO - Marking task as SUCCESS. dag_id=operational_analyst_dag, task_id=load_geolocation, run_id=scheduled__2025-12-31T17:00:00+00:00, execution_date=20251231T170000, start_date=20260606T084104, end_date=20260606T084108
[2026-06-06T08:41:08.825+0000] {local_task_job_runner.py:266} INFO - Task exited with return code 0
[2026-06-06T08:41:08.847+0000] {taskinstance.py:3901} INFO - 0 downstream tasks scheduled from follow-on schedule check
[2026-06-06T08:41:08.850+0000] {local_task_job_runner.py:245} INFO - ::endgroup::
