[2026-06-09T13:24:26.033+0000] {local_task_job_runner.py:123} INFO - ::group::Pre task execution logs
[2026-06-09T13:24:26.060+0000] {taskinstance.py:2614} INFO - Dependencies all met for dep_context=non-requeueable deps ti=<TaskInstance: operational_analyst_dag.data_quality_check manual__2026-06-09T13:24:06.024640+00:00 [queued]>
[2026-06-09T13:24:26.073+0000] {taskinstance.py:2614} INFO - Dependencies all met for dep_context=requeueable deps ti=<TaskInstance: operational_analyst_dag.data_quality_check manual__2026-06-09T13:24:06.024640+00:00 [queued]>
[2026-06-09T13:24:26.076+0000] {taskinstance.py:2867} INFO - Starting attempt 1 of 2
[2026-06-09T13:24:26.090+0000] {taskinstance.py:2890} INFO - Executing <Task(PythonOperator): data_quality_check> on 2026-06-09 13:24:06.024640+00:00
[2026-06-09T13:24:26.103+0000] {standard_task_runner.py:72} INFO - Started process 292 to run task
[2026-06-09T13:24:26.107+0000] {standard_task_runner.py:104} INFO - Running: ['***', 'tasks', 'run', 'operational_analyst_dag', 'data_quality_check', 'manual__2026-06-09T13:24:06.024640+00:00', '--job-id', '91', '--raw', '--subdir', 'DAGS_FOLDER/operational_analyst_dag.py', '--cfg-path', '/tmp/tmp6cwdt0rw']
[2026-06-09T13:24:26.111+0000] {standard_task_runner.py:105} INFO - Job 91: Subtask data_quality_check
[2026-06-09T13:24:26.195+0000] {task_command.py:467} INFO - Running <TaskInstance: operational_analyst_dag.data_quality_check manual__2026-06-09T13:24:06.024640+00:00 [running]> on host bc2514ec4b35
[2026-06-09T13:24:26.323+0000] {taskinstance.py:3134} INFO - Exporting env vars: AIRFLOW_CTX_DAG_OWNER='operational_analyst' AIRFLOW_CTX_DAG_ID='operational_analyst_dag' AIRFLOW_CTX_TASK_ID='data_quality_check' AIRFLOW_CTX_EXECUTION_DATE='2026-06-09T13:24:06.024640+00:00' AIRFLOW_CTX_TRY_NUMBER='1' AIRFLOW_CTX_DAG_RUN_ID='manual__2026-06-09T13:24:06.024640+00:00'
[2026-06-09T13:24:26.326+0000] {taskinstance.py:732} INFO - ::endgroup::
[2026-06-09T13:24:26.340+0000] {logging_mixin.py:190} INFO - 
============================================================
[2026-06-09T13:24:26.342+0000] {logging_mixin.py:190} INFO -   DATA QUALITY CHECK REPORT
[2026-06-09T13:24:26.344+0000] {logging_mixin.py:190} INFO - ============================================================
[2026-06-09T13:24:26.356+0000] {logging_mixin.py:190} INFO -   PASS | fact_operational_delivery row count > 0 (value: 96984)
[2026-06-09T13:24:26.370+0000] {logging_mixin.py:190} INFO -   PASS | No NULL order_id (value: 0)
[2026-06-09T13:24:26.381+0000] {logging_mixin.py:190} INFO -   PASS | No negative actual_delivery_days (value: 0)
[2026-06-09T13:24:26.393+0000] {logging_mixin.py:190} INFO -   PASS | review_score in range 1-5 or NULL (value: 0)
[2026-06-09T13:24:26.405+0000] {logging_mixin.py:190} INFO -   PASS | is_delayed only 0 or 1 (value: 0)
[2026-06-09T13:24:26.407+0000] {logging_mixin.py:190} INFO - ============================================================
[2026-06-09T13:24:26.408+0000] {operational_analyst_dag.py:386} INFO - Semua data quality checks passed!
[2026-06-09T13:24:26.409+0000] {python.py:240} INFO - Done. Returned value was: None
[2026-06-09T13:24:26.423+0000] {taskinstance.py:341} INFO - ::group::Post task execution logs
[2026-06-09T13:24:26.425+0000] {taskinstance.py:353} INFO - Marking task as SUCCESS. dag_id=operational_analyst_dag, task_id=data_quality_check, run_id=manual__2026-06-09T13:24:06.024640+00:00, execution_date=20260609T132406, start_date=20260609T132426, end_date=20260609T132426
[2026-06-09T13:24:26.483+0000] {local_task_job_runner.py:266} INFO - Task exited with return code 0
[2026-06-09T13:24:26.514+0000] {taskinstance.py:3901} INFO - 0 downstream tasks scheduled from follow-on schedule check
[2026-06-09T13:24:26.520+0000] {local_task_job_runner.py:245} INFO - ::endgroup::
