[2026-06-09T13:24:08.459+0000] {local_task_job_runner.py:123} INFO - ::group::Pre task execution logs
[2026-06-09T13:24:08.482+0000] {taskinstance.py:2614} INFO - Dependencies all met for dep_context=non-requeueable deps ti=<TaskInstance: operational_analyst_dag.create_staging_tables manual__2026-06-09T13:24:06.024640+00:00 [queued]>
[2026-06-09T13:24:08.493+0000] {taskinstance.py:2614} INFO - Dependencies all met for dep_context=requeueable deps ti=<TaskInstance: operational_analyst_dag.create_staging_tables manual__2026-06-09T13:24:06.024640+00:00 [queued]>
[2026-06-09T13:24:08.494+0000] {taskinstance.py:2867} INFO - Starting attempt 1 of 2
[2026-06-09T13:24:08.508+0000] {taskinstance.py:2890} INFO - Executing <Task(PythonOperator): create_staging_tables> on 2026-06-09 13:24:06.024640+00:00
[2026-06-09T13:24:08.519+0000] {standard_task_runner.py:72} INFO - Started process 248 to run task
[2026-06-09T13:24:08.523+0000] {standard_task_runner.py:104} INFO - Running: ['***', 'tasks', 'run', 'operational_analyst_dag', 'create_staging_tables', 'manual__2026-06-09T13:24:06.024640+00:00', '--job-id', '82', '--raw', '--subdir', 'DAGS_FOLDER/operational_analyst_dag.py', '--cfg-path', '/tmp/tmpm0ca3l4v']
[2026-06-09T13:24:08.528+0000] {standard_task_runner.py:105} INFO - Job 82: Subtask create_staging_tables
[2026-06-09T13:24:08.612+0000] {task_command.py:467} INFO - Running <TaskInstance: operational_analyst_dag.create_staging_tables manual__2026-06-09T13:24:06.024640+00:00 [running]> on host bc2514ec4b35
[2026-06-09T13:24:08.720+0000] {taskinstance.py:3134} INFO - Exporting env vars: AIRFLOW_CTX_DAG_OWNER='operational_analyst' AIRFLOW_CTX_DAG_ID='operational_analyst_dag' AIRFLOW_CTX_TASK_ID='create_staging_tables' AIRFLOW_CTX_EXECUTION_DATE='2026-06-09T13:24:06.024640+00:00' AIRFLOW_CTX_TRY_NUMBER='1' AIRFLOW_CTX_DAG_RUN_ID='manual__2026-06-09T13:24:06.024640+00:00'
[2026-06-09T13:24:08.723+0000] {taskinstance.py:732} INFO - ::endgroup::
[2026-06-09T13:24:08.772+0000] {operational_analyst_dag.py:85} INFO - Executed: DROP TABLE IF EXISTS stg_orders...
[2026-06-09T13:24:08.776+0000] {operational_analyst_dag.py:85} INFO - Executed: DROP TABLE IF EXISTS stg_order_items...
[2026-06-09T13:24:08.778+0000] {operational_analyst_dag.py:85} INFO - Executed: DROP TABLE IF EXISTS stg_customers...
[2026-06-09T13:24:08.781+0000] {operational_analyst_dag.py:85} INFO - Executed: DROP TABLE IF EXISTS stg_sellers...
[2026-06-09T13:24:08.784+0000] {operational_analyst_dag.py:85} INFO - Executed: DROP TABLE IF EXISTS stg_geolocation...
[2026-06-09T13:24:08.786+0000] {operational_analyst_dag.py:85} INFO - Executed: DROP TABLE IF EXISTS stg_products...
[2026-06-09T13:24:08.789+0000] {operational_analyst_dag.py:85} INFO - Executed: DROP TABLE IF EXISTS stg_order_reviews...
[2026-06-09T13:24:08.802+0000] {operational_analyst_dag.py:85} INFO - Executed: CREATE TABLE IF NOT EXISTS stg_orders
(
    order_id        ...
[2026-06-09T13:24:08.813+0000] {operational_analyst_dag.py:85} INFO - Executed: CREATE TABLE IF NOT EXISTS stg_order_items
(
    order_id   ...
[2026-06-09T13:24:08.824+0000] {operational_analyst_dag.py:85} INFO - Executed: CREATE TABLE IF NOT EXISTS stg_customers
(
    customer_id  ...
[2026-06-09T13:24:08.836+0000] {operational_analyst_dag.py:85} INFO - Executed: CREATE TABLE IF NOT EXISTS stg_sellers
(
    seller_id      ...
[2026-06-09T13:24:08.848+0000] {operational_analyst_dag.py:85} INFO - Executed: CREATE TABLE IF NOT EXISTS stg_geolocation
(
    geolocation...
[2026-06-09T13:24:08.860+0000] {operational_analyst_dag.py:85} INFO - Executed: CREATE TABLE IF NOT EXISTS stg_products
(
    product_id    ...
[2026-06-09T13:24:08.870+0000] {operational_analyst_dag.py:85} INFO - Executed: CREATE TABLE IF NOT EXISTS stg_order_reviews
(
    review_id...
[2026-06-09T13:24:08.873+0000] {operational_analyst_dag.py:89} INFO - Staging tables created successfully.
[2026-06-09T13:24:08.874+0000] {python.py:240} INFO - Done. Returned value was: None
[2026-06-09T13:24:08.890+0000] {taskinstance.py:341} INFO - ::group::Post task execution logs
[2026-06-09T13:24:08.891+0000] {taskinstance.py:353} INFO - Marking task as SUCCESS. dag_id=operational_analyst_dag, task_id=create_staging_tables, run_id=manual__2026-06-09T13:24:06.024640+00:00, execution_date=20260609T132406, start_date=20260609T132408, end_date=20260609T132408
[2026-06-09T13:24:08.980+0000] {local_task_job_runner.py:266} INFO - Task exited with return code 0
[2026-06-09T13:24:09.019+0000] {taskinstance.py:3901} INFO - 7 downstream tasks scheduled from follow-on schedule check
[2026-06-09T13:24:09.021+0000] {local_task_job_runner.py:245} INFO - ::endgroup::
