[2026-06-06T08:12:52.058+0000] {local_task_job_runner.py:123} INFO - ::group::Pre task execution logs
[2026-06-06T08:12:52.199+0000] {taskinstance.py:2614} INFO - Dependencies all met for dep_context=non-requeueable deps ti=<TaskInstance: operational_analyst_dag.load_sellers scheduled__2025-12-31T17:00:00+00:00 [queued]>
[2026-06-06T08:12:52.253+0000] {taskinstance.py:2614} INFO - Dependencies all met for dep_context=requeueable deps ti=<TaskInstance: operational_analyst_dag.load_sellers scheduled__2025-12-31T17:00:00+00:00 [queued]>
[2026-06-06T08:12:52.258+0000] {taskinstance.py:2867} INFO - Starting attempt 1 of 2
[2026-06-06T08:12:52.304+0000] {taskinstance.py:2890} INFO - Executing <Task(PythonOperator): load_sellers> on 2025-12-31 17:00:00+00:00
[2026-06-06T08:12:52.351+0000] {standard_task_runner.py:72} INFO - Started process 328 to run task
[2026-06-06T08:12:52.475+0000] {standard_task_runner.py:104} INFO - Running: ['***', 'tasks', 'run', 'operational_analyst_dag', 'load_sellers', 'scheduled__2025-12-31T17:00:00+00:00', '--job-id', '10', '--raw', '--subdir', 'DAGS_FOLDER/operational_analyst_dag.py', '--cfg-path', '/tmp/tmpt4qrvumi']
[2026-06-06T08:12:52.544+0000] {standard_task_runner.py:105} INFO - Job 10: Subtask load_sellers
[2026-06-06T08:12:53.329+0000] {task_command.py:467} INFO - Running <TaskInstance: operational_analyst_dag.load_sellers scheduled__2025-12-31T17:00:00+00:00 [running]> on host bc2514ec4b35
[2026-06-06T08:12:54.083+0000] {taskinstance.py:3134} INFO - Exporting env vars: AIRFLOW_CTX_DAG_OWNER='operational_analyst' AIRFLOW_CTX_DAG_ID='operational_analyst_dag' AIRFLOW_CTX_TASK_ID='load_sellers' AIRFLOW_CTX_EXECUTION_DATE='2025-12-31T17:00:00+00:00' AIRFLOW_CTX_TRY_NUMBER='1' AIRFLOW_CTX_DAG_RUN_ID='scheduled__2025-12-31T17:00:00+00:00'
[2026-06-06T08:12:54.102+0000] {taskinstance.py:732} INFO - ::endgroup::
[2026-06-06T08:12:54.580+0000] {operational_analyst_dag.py:190} INFO -   Loaded sellers.csv: 3,095 baris
[2026-06-06T08:12:55.522+0000] {taskinstance.py:3313} ERROR - Task failed with exception
Traceback (most recent call last):
  File "/home/airflow/.local/lib/python3.11/site-packages/airflow/models/taskinstance.py", line 768, in _execute_task
    result = _execute_callable(context=context, **execute_callable_kwargs)
             ^^^^^^^^^^^^^^^^^^^^^^^^^^^^^^^^^^^^^^^^^^^^^^^^^^^^^^^^^^^^^
  File "/home/airflow/.local/lib/python3.11/site-packages/airflow/models/taskinstance.py", line 734, in _execute_callable
    return ExecutionCallableRunner(
           ^^^^^^^^^^^^^^^^^^^^^^^^
  File "/home/airflow/.local/lib/python3.11/site-packages/airflow/utils/operator_helpers.py", line 252, in run
    return self.func(*args, **kwargs)
           ^^^^^^^^^^^^^^^^^^^^^^^^^^
  File "/home/airflow/.local/lib/python3.11/site-packages/airflow/models/baseoperator.py", line 424, in wrapper
    return func(self, *args, **kwargs)
           ^^^^^^^^^^^^^^^^^^^^^^^^^^^
  File "/home/airflow/.local/lib/python3.11/site-packages/airflow/operators/python.py", line 238, in execute
    return_value = self.execute_callable()
                   ^^^^^^^^^^^^^^^^^^^^^^^
  File "/home/airflow/.local/lib/python3.11/site-packages/airflow/operators/python.py", line 256, in execute_callable
    return runner.run(*self.op_args, **self.op_kwargs)
           ^^^^^^^^^^^^^^^^^^^^^^^^^^^^^^^^^^^^^^^^^^^
  File "/home/airflow/.local/lib/python3.11/site-packages/airflow/utils/operator_helpers.py", line 252, in run
    return self.func(*args, **kwargs)
           ^^^^^^^^^^^^^^^^^^^^^^^^^^
  File "/opt/airflow/dags/operational_analyst_dag.py", line 197, in load_sellers
    client.execute("INSERT INTO stg_sellers VALUES", records)
  File "/home/airflow/.local/lib/python3.11/site-packages/clickhouse_driver/client.py", line 376, in execute
    rv = self.process_insert_query(
         ^^^^^^^^^^^^^^^^^^^^^^^^^^
  File "/home/airflow/.local/lib/python3.11/site-packages/clickhouse_driver/client.py", line 604, in process_insert_query
    sample_block = self.receive_sample_block()
                   ^^^^^^^^^^^^^^^^^^^^^^^^^^^
  File "/home/airflow/.local/lib/python3.11/site-packages/clickhouse_driver/client.py", line 620, in receive_sample_block
    raise packet.exception
clickhouse_driver.errors.ServerException: Code: 60.
DB::Exception: Table default.stg_sellers does not exist. Stack trace:

0. DB::Exception::Exception(DB::Exception::MessageMasked&&, int, bool) @ 0x000000000d17d45b
1. DB::Exception::Exception(PreformattedMessage&&, int) @ 0x0000000007db1dec
2. DB::Exception::Exception<String, String>(int, FormatStringHelperImpl<std::type_identity<String>::type, std::type_identity<String>::type>, String&&, String&&) @ 0x0000000007db3c6b
3. DB::IDatabase::getTable(String const&, std::shared_ptr<DB::Context const>) const @ 0x0000000010834e2b
4. DB::DatabaseCatalog::getTableImpl(DB::StorageID const&, std::shared_ptr<DB::Context const>, std::optional<DB::Exception>*) const @ 0x0000000010c0b7ab
5. DB::DatabaseCatalog::getTable(DB::StorageID const&, std::shared_ptr<DB::Context const>) const @ 0x0000000010c13b8a
6. DB::InterpreterInsertQuery::getTable(DB::ASTInsertQuery&) @ 0x0000000011006765
7. DB::InterpreterInsertQuery::execute() @ 0x000000001100da14
8. DB::executeQueryImpl(char const*, char const*, std::shared_ptr<DB::Context>, DB::QueryFlags, DB::QueryProcessingStage::Enum, DB::ReadBuffer*) @ 0x00000000113bdd59
9. DB::executeQuery(String const&, std::shared_ptr<DB::Context>, DB::QueryFlags, DB::QueryProcessingStage::Enum) @ 0x00000000113b9d9a
10. DB::TCPHandler::runImpl() @ 0x000000001253ec64
11. DB::TCPHandler::run() @ 0x00000000125599f8
12. Poco::Net::TCPServerConnection::start() @ 0x000000001533c547
13. Poco::Net::TCPServerDispatcher::run() @ 0x000000001533c9d9
14. Poco::PooledThread::run() @ 0x0000000015309981
15. Poco::ThreadImpl::runnableEntry(void*) @ 0x0000000015307f3d
16. ? @ 0x00007c47ff05e609
17. ? @ 0x00007c47fef83353

[2026-06-06T08:12:55.753+0000] {taskinstance.py:1226} INFO - Marking task as UP_FOR_RETRY. dag_id=operational_analyst_dag, task_id=load_sellers, run_id=scheduled__2025-12-31T17:00:00+00:00, execution_date=20251231T170000, start_date=20260606T081252, end_date=20260606T081255
[2026-06-06T08:12:56.053+0000] {taskinstance.py:341} INFO - ::group::Post task execution logs
[2026-06-06T08:12:56.058+0000] {standard_task_runner.py:124} ERROR - Failed to execute job 10 for task load_sellers (Code: 60.
DB::Exception: Table default.stg_sellers does not exist. Stack trace:

0. DB::Exception::Exception(DB::Exception::MessageMasked&&, int, bool) @ 0x000000000d17d45b
1. DB::Exception::Exception(PreformattedMessage&&, int) @ 0x0000000007db1dec
2. DB::Exception::Exception<String, String>(int, FormatStringHelperImpl<std::type_identity<String>::type, std::type_identity<String>::type>, String&&, String&&) @ 0x0000000007db3c6b
3. DB::IDatabase::getTable(String const&, std::shared_ptr<DB::Context const>) const @ 0x0000000010834e2b
4. DB::DatabaseCatalog::getTableImpl(DB::StorageID const&, std::shared_ptr<DB::Context const>, std::optional<DB::Exception>*) const @ 0x0000000010c0b7ab
5. DB::DatabaseCatalog::getTable(DB::StorageID const&, std::shared_ptr<DB::Context const>) const @ 0x0000000010c13b8a
6. DB::InterpreterInsertQuery::getTable(DB::ASTInsertQuery&) @ 0x0000000011006765
7. DB::InterpreterInsertQuery::execute() @ 0x000000001100da14
8. DB::executeQueryImpl(char const*, char const*, std::shared_ptr<DB::Context>, DB::QueryFlags, DB::QueryProcessingStage::Enum, DB::ReadBuffer*) @ 0x00000000113bdd59
9. DB::executeQuery(String const&, std::shared_ptr<DB::Context>, DB::QueryFlags, DB::QueryProcessingStage::Enum) @ 0x00000000113b9d9a
10. DB::TCPHandler::runImpl() @ 0x000000001253ec64
11. DB::TCPHandler::run() @ 0x00000000125599f8
12. Poco::Net::TCPServerConnection::start() @ 0x000000001533c547
13. Poco::Net::TCPServerDispatcher::run() @ 0x000000001533c9d9
14. Poco::PooledThread::run() @ 0x0000000015309981
15. Poco::ThreadImpl::runnableEntry(void*) @ 0x0000000015307f3d
16. ? @ 0x00007c47ff05e609
17. ? @ 0x00007c47fef83353
; 328)
Traceback (most recent call last):
  File "/home/airflow/.local/lib/python3.11/site-packages/airflow/task/task_runner/standard_task_runner.py", line 117, in _start_by_fork
    ret = args.func(args, dag=self.dag)
          ^^^^^^^^^^^^^^^^^^^^^^^^^^^^^
  File "/home/airflow/.local/lib/python3.11/site-packages/airflow/cli/cli_config.py", line 49, in command
    return func(*args, **kwargs)
           ^^^^^^^^^^^^^^^^^^^^^
  File "/home/airflow/.local/lib/python3.11/site-packages/airflow/utils/cli.py", line 116, in wrapper
    return f(*args, **kwargs)
           ^^^^^^^^^^^^^^^^^^
  File "/home/airflow/.local/lib/python3.11/site-packages/airflow/cli/commands/task_command.py", line 483, in task_run
    task_return_code = _run_task_by_selected_method(args, _dag, ti)
                       ^^^^^^^^^^^^^^^^^^^^^^^^^^^^^^^^^^^^^^^^^^^^
  File "/home/airflow/.local/lib/python3.11/site-packages/airflow/cli/commands/task_command.py", line 256, in _run_task_by_selected_method
    return _run_raw_task(args, ti)
           ^^^^^^^^^^^^^^^^^^^^^^^
  File "/home/airflow/.local/lib/python3.11/site-packages/airflow/cli/commands/task_command.py", line 341, in _run_raw_task
    return ti._run_raw_task(
           ^^^^^^^^^^^^^^^^^
  File "/home/airflow/.local/lib/python3.11/site-packages/airflow/utils/session.py", line 97, in wrapper
    return func(*args, session=session, **kwargs)
           ^^^^^^^^^^^^^^^^^^^^^^^^^^^^^^^^^^^^^^
  File "/home/airflow/.local/lib/python3.11/site-packages/airflow/models/taskinstance.py", line 3006, in _run_raw_task
    return _run_raw_task(
           ^^^^^^^^^^^^^^
  File "/home/airflow/.local/lib/python3.11/site-packages/airflow/models/taskinstance.py", line 274, in _run_raw_task
    TaskInstance._execute_task_with_callbacks(
  File "/home/airflow/.local/lib/python3.11/site-packages/airflow/models/taskinstance.py", line 3161, in _execute_task_with_callbacks
    result = self._execute_task(context, task_orig)
             ^^^^^^^^^^^^^^^^^^^^^^^^^^^^^^^^^^^^^^
  File "/home/airflow/.local/lib/python3.11/site-packages/airflow/models/taskinstance.py", line 3185, in _execute_task
    return _execute_task(self, context, task_orig)
           ^^^^^^^^^^^^^^^^^^^^^^^^^^^^^^^^^^^^^^^
  File "/home/airflow/.local/lib/python3.11/site-packages/airflow/models/taskinstance.py", line 768, in _execute_task
    result = _execute_callable(context=context, **execute_callable_kwargs)
             ^^^^^^^^^^^^^^^^^^^^^^^^^^^^^^^^^^^^^^^^^^^^^^^^^^^^^^^^^^^^^
  File "/home/airflow/.local/lib/python3.11/site-packages/airflow/models/taskinstance.py", line 734, in _execute_callable
    return ExecutionCallableRunner(
           ^^^^^^^^^^^^^^^^^^^^^^^^
  File "/home/airflow/.local/lib/python3.11/site-packages/airflow/utils/operator_helpers.py", line 252, in run
    return self.func(*args, **kwargs)
           ^^^^^^^^^^^^^^^^^^^^^^^^^^
  File "/home/airflow/.local/lib/python3.11/site-packages/airflow/models/baseoperator.py", line 424, in wrapper
    return func(self, *args, **kwargs)
           ^^^^^^^^^^^^^^^^^^^^^^^^^^^
  File "/home/airflow/.local/lib/python3.11/site-packages/airflow/operators/python.py", line 238, in execute
    return_value = self.execute_callable()
                   ^^^^^^^^^^^^^^^^^^^^^^^
  File "/home/airflow/.local/lib/python3.11/site-packages/airflow/operators/python.py", line 256, in execute_callable
    return runner.run(*self.op_args, **self.op_kwargs)
           ^^^^^^^^^^^^^^^^^^^^^^^^^^^^^^^^^^^^^^^^^^^
  File "/home/airflow/.local/lib/python3.11/site-packages/airflow/utils/operator_helpers.py", line 252, in run
    return self.func(*args, **kwargs)
           ^^^^^^^^^^^^^^^^^^^^^^^^^^
  File "/opt/airflow/dags/operational_analyst_dag.py", line 197, in load_sellers
    client.execute("INSERT INTO stg_sellers VALUES", records)
  File "/home/airflow/.local/lib/python3.11/site-packages/clickhouse_driver/client.py", line 376, in execute
    rv = self.process_insert_query(
         ^^^^^^^^^^^^^^^^^^^^^^^^^^
  File "/home/airflow/.local/lib/python3.11/site-packages/clickhouse_driver/client.py", line 604, in process_insert_query
    sample_block = self.receive_sample_block()
                   ^^^^^^^^^^^^^^^^^^^^^^^^^^^
  File "/home/airflow/.local/lib/python3.11/site-packages/clickhouse_driver/client.py", line 620, in receive_sample_block
    raise packet.exception
clickhouse_driver.errors.ServerException: Code: 60.
DB::Exception: Table default.stg_sellers does not exist. Stack trace:

0. DB::Exception::Exception(DB::Exception::MessageMasked&&, int, bool) @ 0x000000000d17d45b
1. DB::Exception::Exception(PreformattedMessage&&, int) @ 0x0000000007db1dec
2. DB::Exception::Exception<String, String>(int, FormatStringHelperImpl<std::type_identity<String>::type, std::type_identity<String>::type>, String&&, String&&) @ 0x0000000007db3c6b
3. DB::IDatabase::getTable(String const&, std::shared_ptr<DB::Context const>) const @ 0x0000000010834e2b
4. DB::DatabaseCatalog::getTableImpl(DB::StorageID const&, std::shared_ptr<DB::Context const>, std::optional<DB::Exception>*) const @ 0x0000000010c0b7ab
5. DB::DatabaseCatalog::getTable(DB::StorageID const&, std::shared_ptr<DB::Context const>) const @ 0x0000000010c13b8a
6. DB::InterpreterInsertQuery::getTable(DB::ASTInsertQuery&) @ 0x0000000011006765
7. DB::InterpreterInsertQuery::execute() @ 0x000000001100da14
8. DB::executeQueryImpl(char const*, char const*, std::shared_ptr<DB::Context>, DB::QueryFlags, DB::QueryProcessingStage::Enum, DB::ReadBuffer*) @ 0x00000000113bdd59
9. DB::executeQuery(String const&, std::shared_ptr<DB::Context>, DB::QueryFlags, DB::QueryProcessingStage::Enum) @ 0x00000000113b9d9a
10. DB::TCPHandler::runImpl() @ 0x000000001253ec64
11. DB::TCPHandler::run() @ 0x00000000125599f8
12. Poco::Net::TCPServerConnection::start() @ 0x000000001533c547
13. Poco::Net::TCPServerDispatcher::run() @ 0x000000001533c9d9
14. Poco::PooledThread::run() @ 0x0000000015309981
15. Poco::ThreadImpl::runnableEntry(void*) @ 0x0000000015307f3d
16. ? @ 0x00007c47ff05e609
17. ? @ 0x00007c47fef83353

[2026-06-06T08:12:56.128+0000] {local_task_job_runner.py:266} INFO - Task exited with return code 1
[2026-06-06T08:12:56.216+0000] {taskinstance.py:3901} INFO - 0 downstream tasks scheduled from follow-on schedule check
[2026-06-06T08:12:56.221+0000] {local_task_job_runner.py:245} INFO - ::endgroup::
