[2026-06-06T08:18:12.588+0000] {local_task_job_runner.py:123} INFO - ::group::Pre task execution logs
[2026-06-06T08:18:12.613+0000] {taskinstance.py:2614} INFO - Dependencies all met for dep_context=non-requeueable deps ti=<TaskInstance: operational_analyst_dag.create_staging_tables manual__2026-06-06T08:12:47.057613+00:00 [queued]>
[2026-06-06T08:18:12.624+0000] {taskinstance.py:2614} INFO - Dependencies all met for dep_context=requeueable deps ti=<TaskInstance: operational_analyst_dag.create_staging_tables manual__2026-06-06T08:12:47.057613+00:00 [queued]>
[2026-06-06T08:18:12.626+0000] {taskinstance.py:2867} INFO - Starting attempt 1 of 2
[2026-06-06T08:18:12.642+0000] {taskinstance.py:2890} INFO - Executing <Task(PythonOperator): create_staging_tables> on 2026-06-06 08:12:47.057613+00:00
[2026-06-06T08:18:12.654+0000] {standard_task_runner.py:72} INFO - Started process 502 to run task
[2026-06-06T08:18:12.658+0000] {standard_task_runner.py:104} INFO - Running: ['***', 'tasks', 'run', 'operational_analyst_dag', 'create_staging_tables', 'manual__2026-06-06T08:12:47.057613+00:00', '--job-id', '18', '--raw', '--subdir', 'DAGS_FOLDER/operational_analyst_dag.py', '--cfg-path', '/tmp/tmp_bd4funr']
[2026-06-06T08:18:12.662+0000] {standard_task_runner.py:105} INFO - Job 18: Subtask create_staging_tables
[2026-06-06T08:18:12.750+0000] {task_command.py:467} INFO - Running <TaskInstance: operational_analyst_dag.create_staging_tables manual__2026-06-06T08:12:47.057613+00:00 [running]> on host bc2514ec4b35
[2026-06-06T08:18:12.871+0000] {taskinstance.py:3134} INFO - Exporting env vars: AIRFLOW_CTX_DAG_OWNER='operational_analyst' AIRFLOW_CTX_DAG_ID='operational_analyst_dag' AIRFLOW_CTX_TASK_ID='create_staging_tables' AIRFLOW_CTX_EXECUTION_DATE='2026-06-06T08:12:47.057613+00:00' AIRFLOW_CTX_TRY_NUMBER='1' AIRFLOW_CTX_DAG_RUN_ID='manual__2026-06-06T08:12:47.057613+00:00'
[2026-06-06T08:18:12.875+0000] {taskinstance.py:732} INFO - ::endgroup::
[2026-06-06T08:18:12.905+0000] {operational_analyst_dag.py:80} INFO - Executed: DROP TABLE IF EXISTS stg_order_items...
[2026-06-06T08:18:12.908+0000] {operational_analyst_dag.py:80} INFO - Executed: DROP TABLE IF EXISTS stg_customers...
[2026-06-06T08:18:12.911+0000] {operational_analyst_dag.py:80} INFO - Executed: DROP TABLE IF EXISTS stg_sellers...
[2026-06-06T08:18:12.914+0000] {operational_analyst_dag.py:80} INFO - Executed: DROP TABLE IF EXISTS stg_geolocation...
[2026-06-06T08:18:12.916+0000] {operational_analyst_dag.py:80} INFO - Executed: DROP TABLE IF EXISTS stg_products...
[2026-06-06T08:18:12.918+0000] {operational_analyst_dag.py:80} INFO - Executed: DROP TABLE IF EXISTS stg_order_reviews...
[2026-06-06T08:18:12.920+0000] {operational_analyst_dag.py:84} INFO - Staging tables created successfully.
[2026-06-06T08:18:12.921+0000] {python.py:240} INFO - Done. Returned value was: None
[2026-06-06T08:18:12.933+0000] {taskinstance.py:341} INFO - ::group::Post task execution logs
[2026-06-06T08:18:12.935+0000] {taskinstance.py:353} INFO - Marking task as SUCCESS. dag_id=operational_analyst_dag, task_id=create_staging_tables, run_id=manual__2026-06-06T08:12:47.057613+00:00, execution_date=20260606T081247, start_date=20260606T081812, end_date=20260606T081812
[2026-06-06T08:18:13.034+0000] {local_task_job_runner.py:266} INFO - Task exited with return code 0
[2026-06-06T08:18:13.086+0000] {taskinstance.py:3901} INFO - 7 downstream tasks scheduled from follow-on schedule check
[2026-06-06T08:18:13.091+0000] {local_task_job_runner.py:245} INFO - ::endgroup::
