[2026-06-06T08:24:58.060+0000] {local_task_job_runner.py:123} INFO - ::group::Pre task execution logs
[2026-06-06T08:24:58.089+0000] {taskinstance.py:2614} INFO - Dependencies all met for dep_context=non-requeueable deps ti=<TaskInstance: operational_analyst_dag.create_staging_tables manual__2026-06-06T08:12:47.057613+00:00 [queued]>
[2026-06-06T08:24:58.101+0000] {taskinstance.py:2614} INFO - Dependencies all met for dep_context=requeueable deps ti=<TaskInstance: operational_analyst_dag.create_staging_tables manual__2026-06-06T08:12:47.057613+00:00 [queued]>
[2026-06-06T08:24:58.103+0000] {taskinstance.py:2867} INFO - Starting attempt 2 of 3
[2026-06-06T08:24:58.118+0000] {taskinstance.py:2890} INFO - Executing <Task(PythonOperator): create_staging_tables> on 2026-06-06 08:12:47.057613+00:00
[2026-06-06T08:24:58.129+0000] {standard_task_runner.py:72} INFO - Started process 758 to run task
[2026-06-06T08:24:58.134+0000] {standard_task_runner.py:104} INFO - Running: ['***', 'tasks', 'run', 'operational_analyst_dag', 'create_staging_tables', 'manual__2026-06-06T08:12:47.057613+00:00', '--job-id', '33', '--raw', '--subdir', 'DAGS_FOLDER/operational_analyst_dag.py', '--cfg-path', '/tmp/tmpg53m_k7j']
[2026-06-06T08:24:58.140+0000] {standard_task_runner.py:105} INFO - Job 33: Subtask create_staging_tables
[2026-06-06T08:24:58.236+0000] {task_command.py:467} INFO - Running <TaskInstance: operational_analyst_dag.create_staging_tables manual__2026-06-06T08:12:47.057613+00:00 [running]> on host bc2514ec4b35
[2026-06-06T08:24:58.345+0000] {taskinstance.py:3134} INFO - Exporting env vars: AIRFLOW_CTX_DAG_OWNER='operational_analyst' AIRFLOW_CTX_DAG_ID='operational_analyst_dag' AIRFLOW_CTX_TASK_ID='create_staging_tables' AIRFLOW_CTX_EXECUTION_DATE='2026-06-06T08:12:47.057613+00:00' AIRFLOW_CTX_TRY_NUMBER='2' AIRFLOW_CTX_DAG_RUN_ID='manual__2026-06-06T08:12:47.057613+00:00'
[2026-06-06T08:24:58.350+0000] {taskinstance.py:732} INFO - ::endgroup::
[2026-06-06T08:24:58.375+0000] {operational_analyst_dag.py:85} INFO - Executed: DROP TABLE IF EXISTS stg_orders...
[2026-06-06T08:24:58.378+0000] {operational_analyst_dag.py:85} INFO - Executed: DROP TABLE IF EXISTS stg_order_items...
[2026-06-06T08:24:58.381+0000] {operational_analyst_dag.py:85} INFO - Executed: DROP TABLE IF EXISTS stg_customers...
[2026-06-06T08:24:58.383+0000] {operational_analyst_dag.py:85} INFO - Executed: DROP TABLE IF EXISTS stg_sellers...
[2026-06-06T08:24:58.386+0000] {operational_analyst_dag.py:85} INFO - Executed: DROP TABLE IF EXISTS stg_geolocation...
[2026-06-06T08:24:58.389+0000] {operational_analyst_dag.py:85} INFO - Executed: DROP TABLE IF EXISTS stg_products...
[2026-06-06T08:24:58.391+0000] {operational_analyst_dag.py:85} INFO - Executed: DROP TABLE IF EXISTS stg_order_reviews...
[2026-06-06T08:24:58.462+0000] {operational_analyst_dag.py:85} INFO - Executed: CREATE TABLE IF NOT EXISTS stg_orders
(
    order_id        ...
[2026-06-06T08:24:58.474+0000] {operational_analyst_dag.py:85} INFO - Executed: CREATE TABLE IF NOT EXISTS stg_order_items
(
    order_id   ...
[2026-06-06T08:24:58.485+0000] {operational_analyst_dag.py:85} INFO - Executed: CREATE TABLE IF NOT EXISTS stg_customers
(
    customer_id  ...
[2026-06-06T08:24:58.495+0000] {operational_analyst_dag.py:85} INFO - Executed: CREATE TABLE IF NOT EXISTS stg_sellers
(
    seller_id      ...
[2026-06-06T08:24:58.506+0000] {operational_analyst_dag.py:85} INFO - Executed: CREATE TABLE IF NOT EXISTS stg_geolocation
(
    geolocation...
[2026-06-06T08:24:58.519+0000] {operational_analyst_dag.py:85} INFO - Executed: CREATE TABLE IF NOT EXISTS stg_products
(
    product_id    ...
[2026-06-06T08:24:58.531+0000] {operational_analyst_dag.py:85} INFO - Executed: CREATE TABLE IF NOT EXISTS stg_order_reviews
(
    review_id...
[2026-06-06T08:24:58.533+0000] {operational_analyst_dag.py:89} INFO - Staging tables created successfully.
[2026-06-06T08:24:58.535+0000] {python.py:240} INFO - Done. Returned value was: None
[2026-06-06T08:24:58.550+0000] {taskinstance.py:341} INFO - ::group::Post task execution logs
[2026-06-06T08:24:58.552+0000] {taskinstance.py:353} INFO - Marking task as SUCCESS. dag_id=operational_analyst_dag, task_id=create_staging_tables, run_id=manual__2026-06-06T08:12:47.057613+00:00, execution_date=20260606T081247, start_date=20260606T082458, end_date=20260606T082458
[2026-06-06T08:24:58.631+0000] {local_task_job_runner.py:266} INFO - Task exited with return code 0
[2026-06-06T08:24:58.671+0000] {taskinstance.py:3901} INFO - 7 downstream tasks scheduled from follow-on schedule check
[2026-06-06T08:24:58.674+0000] {local_task_job_runner.py:245} INFO - ::endgroup::
