[2026-06-08T13:04:24.891+0000] {local_task_job_runner.py:123} INFO - ::group::Pre task execution logs
[2026-06-08T13:04:24.933+0000] {taskinstance.py:2614} INFO - Dependencies all met for dep_context=non-requeueable deps ti=<TaskInstance: operational_analyst_dag.create_staging_tables manual__2026-06-08T13:04:22.676509+00:00 [queued]>
[2026-06-08T13:04:24.950+0000] {taskinstance.py:2614} INFO - Dependencies all met for dep_context=requeueable deps ti=<TaskInstance: operational_analyst_dag.create_staging_tables manual__2026-06-08T13:04:22.676509+00:00 [queued]>
[2026-06-08T13:04:24.967+0000] {taskinstance.py:2867} INFO - Starting attempt 1 of 2
[2026-06-08T13:04:25.000+0000] {taskinstance.py:2890} INFO - Executing <Task(PythonOperator): create_staging_tables> on 2026-06-08 13:04:22.676509+00:00
[2026-06-08T13:04:25.018+0000] {standard_task_runner.py:72} INFO - Started process 256 to run task
[2026-06-08T13:04:25.024+0000] {standard_task_runner.py:104} INFO - Running: ['***', 'tasks', 'run', 'operational_analyst_dag', 'create_staging_tables', 'manual__2026-06-08T13:04:22.676509+00:00', '--job-id', '71', '--raw', '--subdir', 'DAGS_FOLDER/operational_analyst_dag.py', '--cfg-path', '/tmp/tmp9pbt4a6k']
[2026-06-08T13:04:25.030+0000] {standard_task_runner.py:105} INFO - Job 71: Subtask create_staging_tables
[2026-06-08T13:04:25.198+0000] {task_command.py:467} INFO - Running <TaskInstance: operational_analyst_dag.create_staging_tables manual__2026-06-08T13:04:22.676509+00:00 [running]> on host bc2514ec4b35
[2026-06-08T13:04:25.447+0000] {taskinstance.py:3134} INFO - Exporting env vars: AIRFLOW_CTX_DAG_OWNER='operational_analyst' AIRFLOW_CTX_DAG_ID='operational_analyst_dag' AIRFLOW_CTX_TASK_ID='create_staging_tables' AIRFLOW_CTX_EXECUTION_DATE='2026-06-08T13:04:22.676509+00:00' AIRFLOW_CTX_TRY_NUMBER='1' AIRFLOW_CTX_DAG_RUN_ID='manual__2026-06-08T13:04:22.676509+00:00'
[2026-06-08T13:04:25.452+0000] {taskinstance.py:732} INFO - ::endgroup::
[2026-06-08T13:04:25.690+0000] {operational_analyst_dag.py:85} INFO - Executed: DROP TABLE IF EXISTS stg_orders...
[2026-06-08T13:04:25.694+0000] {operational_analyst_dag.py:85} INFO - Executed: DROP TABLE IF EXISTS stg_order_items...
[2026-06-08T13:04:25.698+0000] {operational_analyst_dag.py:85} INFO - Executed: DROP TABLE IF EXISTS stg_customers...
[2026-06-08T13:04:25.702+0000] {operational_analyst_dag.py:85} INFO - Executed: DROP TABLE IF EXISTS stg_sellers...
[2026-06-08T13:04:25.707+0000] {operational_analyst_dag.py:85} INFO - Executed: DROP TABLE IF EXISTS stg_geolocation...
[2026-06-08T13:04:25.711+0000] {operational_analyst_dag.py:85} INFO - Executed: DROP TABLE IF EXISTS stg_products...
[2026-06-08T13:04:25.715+0000] {operational_analyst_dag.py:85} INFO - Executed: DROP TABLE IF EXISTS stg_order_reviews...
[2026-06-08T13:04:25.764+0000] {operational_analyst_dag.py:85} INFO - Executed: CREATE TABLE IF NOT EXISTS stg_orders
(
    order_id        ...
[2026-06-08T13:04:25.788+0000] {operational_analyst_dag.py:85} INFO - Executed: CREATE TABLE IF NOT EXISTS stg_order_items
(
    order_id   ...
[2026-06-08T13:04:25.814+0000] {operational_analyst_dag.py:85} INFO - Executed: CREATE TABLE IF NOT EXISTS stg_customers
(
    customer_id  ...
[2026-06-08T13:04:25.842+0000] {operational_analyst_dag.py:85} INFO - Executed: CREATE TABLE IF NOT EXISTS stg_sellers
(
    seller_id      ...
[2026-06-08T13:04:25.865+0000] {operational_analyst_dag.py:85} INFO - Executed: CREATE TABLE IF NOT EXISTS stg_geolocation
(
    geolocation...
[2026-06-08T13:04:25.894+0000] {operational_analyst_dag.py:85} INFO - Executed: CREATE TABLE IF NOT EXISTS stg_products
(
    product_id    ...
[2026-06-08T13:04:25.919+0000] {operational_analyst_dag.py:85} INFO - Executed: CREATE TABLE IF NOT EXISTS stg_order_reviews
(
    review_id...
[2026-06-08T13:04:25.922+0000] {operational_analyst_dag.py:89} INFO - Staging tables created successfully.
[2026-06-08T13:04:25.924+0000] {python.py:240} INFO - Done. Returned value was: None
[2026-06-08T13:04:25.959+0000] {taskinstance.py:341} INFO - ::group::Post task execution logs
[2026-06-08T13:04:25.962+0000] {taskinstance.py:353} INFO - Marking task as SUCCESS. dag_id=operational_analyst_dag, task_id=create_staging_tables, run_id=manual__2026-06-08T13:04:22.676509+00:00, execution_date=20260608T130422, start_date=20260608T130424, end_date=20260608T130425
[2026-06-08T13:04:26.085+0000] {local_task_job_runner.py:266} INFO - Task exited with return code 0
[2026-06-08T13:04:26.176+0000] {taskinstance.py:3901} INFO - 7 downstream tasks scheduled from follow-on schedule check
[2026-06-08T13:04:26.181+0000] {local_task_job_runner.py:245} INFO - ::endgroup::
