[2026-06-06T08:27:06.928+0000] {local_task_job_runner.py:123} INFO - ::group::Pre task execution logs
[2026-06-06T08:27:06.959+0000] {taskinstance.py:2614} INFO - Dependencies all met for dep_context=non-requeueable deps ti=<TaskInstance: operational_analyst_dag.load_geolocation manual__2026-06-06T08:12:47.057613+00:00 [queued]>
[2026-06-06T08:27:06.972+0000] {taskinstance.py:2614} INFO - Dependencies all met for dep_context=requeueable deps ti=<TaskInstance: operational_analyst_dag.load_geolocation manual__2026-06-06T08:12:47.057613+00:00 [queued]>
[2026-06-06T08:27:06.974+0000] {taskinstance.py:2867} INFO - Starting attempt 4 of 5
[2026-06-06T08:27:06.988+0000] {taskinstance.py:2890} INFO - Executing <Task(PythonOperator): load_geolocation> on 2026-06-06 08:12:47.057613+00:00
[2026-06-06T08:27:06.999+0000] {standard_task_runner.py:72} INFO - Started process 854 to run task
[2026-06-06T08:27:07.003+0000] {standard_task_runner.py:104} INFO - Running: ['***', 'tasks', 'run', 'operational_analyst_dag', 'load_geolocation', 'manual__2026-06-06T08:12:47.057613+00:00', '--job-id', '41', '--raw', '--subdir', 'DAGS_FOLDER/operational_analyst_dag.py', '--cfg-path', '/tmp/tmpplz7cfxi']
[2026-06-06T08:27:07.007+0000] {standard_task_runner.py:105} INFO - Job 41: Subtask load_geolocation
[2026-06-06T08:27:07.084+0000] {task_command.py:467} INFO - Running <TaskInstance: operational_analyst_dag.load_geolocation manual__2026-06-06T08:12:47.057613+00:00 [running]> on host bc2514ec4b35
[2026-06-06T08:27:07.210+0000] {taskinstance.py:3134} INFO - Exporting env vars: AIRFLOW_CTX_DAG_OWNER='operational_analyst' AIRFLOW_CTX_DAG_ID='operational_analyst_dag' AIRFLOW_CTX_TASK_ID='load_geolocation' AIRFLOW_CTX_EXECUTION_DATE='2026-06-06T08:12:47.057613+00:00' AIRFLOW_CTX_TRY_NUMBER='4' AIRFLOW_CTX_DAG_RUN_ID='manual__2026-06-06T08:12:47.057613+00:00'
[2026-06-06T08:27:07.215+0000] {taskinstance.py:732} INFO - ::endgroup::
[2026-06-06T08:27:08.199+0000] {operational_analyst_dag.py:210} INFO -   Loaded geolocation.csv: 1,000,163 baris (raw)
[2026-06-06T08:27:11.449+0000] {operational_analyst_dag.py:226} INFO -   Geolocation setelah agregasi: 19,015 baris
[2026-06-06T08:27:11.574+0000] {operational_analyst_dag.py:232} INFO - stg_geolocation loaded: 19,015 baris
[2026-06-06T08:27:11.634+0000] {python.py:240} INFO - Done. Returned value was: None
[2026-06-06T08:27:11.649+0000] {taskinstance.py:341} INFO - ::group::Post task execution logs
[2026-06-06T08:27:11.651+0000] {taskinstance.py:353} INFO - Marking task as SUCCESS. dag_id=operational_analyst_dag, task_id=load_geolocation, run_id=manual__2026-06-06T08:12:47.057613+00:00, execution_date=20260606T081247, start_date=20260606T082706, end_date=20260606T082711
[2026-06-06T08:27:11.758+0000] {local_task_job_runner.py:266} INFO - Task exited with return code 0
[2026-06-06T08:27:11.799+0000] {taskinstance.py:3901} INFO - 0 downstream tasks scheduled from follow-on schedule check
[2026-06-06T08:27:11.803+0000] {local_task_job_runner.py:245} INFO - ::endgroup::
