[2026-06-06T08:36:57.904+0000] {local_task_job_runner.py:123} INFO - ::group::Pre task execution logs
[2026-06-06T08:36:57.934+0000] {taskinstance.py:2614} INFO - Dependencies all met for dep_context=non-requeueable deps ti=<TaskInstance: operational_analyst_dag.data_quality_check manual__2026-06-06T08:12:47.057613+00:00 [queued]>
[2026-06-06T08:36:57.948+0000] {taskinstance.py:2614} INFO - Dependencies all met for dep_context=requeueable deps ti=<TaskInstance: operational_analyst_dag.data_quality_check manual__2026-06-06T08:12:47.057613+00:00 [queued]>
[2026-06-06T08:36:57.950+0000] {taskinstance.py:2867} INFO - Starting attempt 5 of 6
[2026-06-06T08:36:57.970+0000] {taskinstance.py:2890} INFO - Executing <Task(PythonOperator): data_quality_check> on 2026-06-06 08:12:47.057613+00:00
[2026-06-06T08:36:57.984+0000] {standard_task_runner.py:72} INFO - Started process 1206 to run task
[2026-06-06T08:36:57.988+0000] {standard_task_runner.py:104} INFO - Running: ['***', 'tasks', 'run', 'operational_analyst_dag', 'data_quality_check', 'manual__2026-06-06T08:12:47.057613+00:00', '--job-id', '59', '--raw', '--subdir', 'DAGS_FOLDER/operational_analyst_dag.py', '--cfg-path', '/tmp/tmpo6y28q2j']
[2026-06-06T08:36:57.992+0000] {standard_task_runner.py:105} INFO - Job 59: Subtask data_quality_check
[2026-06-06T08:36:58.084+0000] {task_command.py:467} INFO - Running <TaskInstance: operational_analyst_dag.data_quality_check manual__2026-06-06T08:12:47.057613+00:00 [running]> on host bc2514ec4b35
[2026-06-06T08:36:58.194+0000] {taskinstance.py:3134} INFO - Exporting env vars: AIRFLOW_CTX_DAG_OWNER='operational_analyst' AIRFLOW_CTX_DAG_ID='operational_analyst_dag' AIRFLOW_CTX_TASK_ID='data_quality_check' AIRFLOW_CTX_EXECUTION_DATE='2026-06-06T08:12:47.057613+00:00' AIRFLOW_CTX_TRY_NUMBER='5' AIRFLOW_CTX_DAG_RUN_ID='manual__2026-06-06T08:12:47.057613+00:00'
[2026-06-06T08:36:58.197+0000] {taskinstance.py:732} INFO - ::endgroup::
[2026-06-06T08:36:58.212+0000] {logging_mixin.py:190} INFO - 
============================================================
[2026-06-06T08:36:58.214+0000] {logging_mixin.py:190} INFO -   DATA QUALITY CHECK REPORT
[2026-06-06T08:36:58.215+0000] {logging_mixin.py:190} INFO - ============================================================
[2026-06-06T08:36:58.228+0000] {logging_mixin.py:190} INFO -   PASS | fact_operational_delivery row count > 0 (value: 96984)
[2026-06-06T08:36:58.241+0000] {logging_mixin.py:190} INFO -   PASS | No NULL order_id (value: 0)
[2026-06-06T08:36:58.251+0000] {logging_mixin.py:190} INFO -   PASS | No negative actual_delivery_days (value: 0)
[2026-06-06T08:36:58.262+0000] {logging_mixin.py:190} INFO -   PASS | review_score in range 1-5 or NULL (value: 0)
[2026-06-06T08:36:58.273+0000] {logging_mixin.py:190} INFO -   PASS | is_delayed only 0 or 1 (value: 0)
[2026-06-06T08:36:58.274+0000] {logging_mixin.py:190} INFO - ============================================================
[2026-06-06T08:36:58.276+0000] {operational_analyst_dag.py:386} INFO - Semua data quality checks passed!
[2026-06-06T08:36:58.278+0000] {python.py:240} INFO - Done. Returned value was: None
[2026-06-06T08:36:58.291+0000] {taskinstance.py:341} INFO - ::group::Post task execution logs
[2026-06-06T08:36:58.293+0000] {taskinstance.py:353} INFO - Marking task as SUCCESS. dag_id=operational_analyst_dag, task_id=data_quality_check, run_id=manual__2026-06-06T08:12:47.057613+00:00, execution_date=20260606T081247, start_date=20260606T083657, end_date=20260606T083658
[2026-06-06T08:36:58.364+0000] {local_task_job_runner.py:266} INFO - Task exited with return code 0
[2026-06-06T08:36:58.389+0000] {taskinstance.py:3901} INFO - 0 downstream tasks scheduled from follow-on schedule check
[2026-06-06T08:36:58.394+0000] {local_task_job_runner.py:245} INFO - ::endgroup::
