[2026-06-06T08:35:16.641+0000] {local_task_job_runner.py:123} INFO - ::group::Pre task execution logs
[2026-06-06T08:35:16.668+0000] {taskinstance.py:2614} INFO - Dependencies all met for dep_context=non-requeueable deps ti=<TaskInstance: operational_analyst_dag.data_quality_check manual__2026-06-06T08:12:47.057613+00:00 [queued]>
[2026-06-06T08:35:16.685+0000] {taskinstance.py:2614} INFO - Dependencies all met for dep_context=requeueable deps ti=<TaskInstance: operational_analyst_dag.data_quality_check manual__2026-06-06T08:12:47.057613+00:00 [queued]>
[2026-06-06T08:35:16.687+0000] {taskinstance.py:2867} INFO - Starting attempt 4 of 5
[2026-06-06T08:35:16.700+0000] {taskinstance.py:2890} INFO - Executing <Task(PythonOperator): data_quality_check> on 2026-06-06 08:12:47.057613+00:00
[2026-06-06T08:35:16.712+0000] {standard_task_runner.py:72} INFO - Started process 1116 to run task
[2026-06-06T08:35:16.717+0000] {standard_task_runner.py:104} INFO - Running: ['***', 'tasks', 'run', 'operational_analyst_dag', 'data_quality_check', 'manual__2026-06-06T08:12:47.057613+00:00', '--job-id', '49', '--raw', '--subdir', 'DAGS_FOLDER/operational_analyst_dag.py', '--cfg-path', '/tmp/tmpsh50b7kr']
[2026-06-06T08:35:16.722+0000] {standard_task_runner.py:105} INFO - Job 49: Subtask data_quality_check
[2026-06-06T08:35:16.796+0000] {task_command.py:467} INFO - Running <TaskInstance: operational_analyst_dag.data_quality_check manual__2026-06-06T08:12:47.057613+00:00 [running]> on host bc2514ec4b35
[2026-06-06T08:35:16.895+0000] {taskinstance.py:3134} INFO - Exporting env vars: AIRFLOW_CTX_DAG_OWNER='operational_analyst' AIRFLOW_CTX_DAG_ID='operational_analyst_dag' AIRFLOW_CTX_TASK_ID='data_quality_check' AIRFLOW_CTX_EXECUTION_DATE='2026-06-06T08:12:47.057613+00:00' AIRFLOW_CTX_TRY_NUMBER='4' AIRFLOW_CTX_DAG_RUN_ID='manual__2026-06-06T08:12:47.057613+00:00'
[2026-06-06T08:35:16.900+0000] {taskinstance.py:732} INFO - ::endgroup::
[2026-06-06T08:35:16.913+0000] {logging_mixin.py:190} INFO - 
============================================================
[2026-06-06T08:35:16.915+0000] {logging_mixin.py:190} INFO -   DATA QUALITY CHECK REPORT
[2026-06-06T08:35:16.916+0000] {logging_mixin.py:190} INFO - ============================================================
[2026-06-06T08:35:16.927+0000] {logging_mixin.py:190} INFO -   PASS | fact_operational_delivery row count > 0 (value: 96984)
[2026-06-06T08:35:16.939+0000] {logging_mixin.py:190} INFO -   PASS | No NULL order_id (value: 0)
[2026-06-06T08:35:16.948+0000] {logging_mixin.py:190} INFO -   PASS | No negative actual_delivery_days (value: 0)
[2026-06-06T08:35:16.996+0000] {logging_mixin.py:190} INFO -   ❌ FAIL | review_score in range 1-5 or NULL (value: 646)
[2026-06-06T08:35:17.005+0000] {logging_mixin.py:190} INFO -   PASS | is_delayed only 0 or 1 (value: 0)
[2026-06-06T08:35:17.006+0000] {logging_mixin.py:190} INFO - ============================================================
[2026-06-06T08:35:17.008+0000] {taskinstance.py:3313} ERROR - Task failed with exception
Traceback (most recent call last):
  File "/home/airflow/.local/lib/python3.11/site-packages/airflow/models/taskinstance.py", line 768, in _execute_task
    result = _execute_callable(context=context, **execute_callable_kwargs)
             ^^^^^^^^^^^^^^^^^^^^^^^^^^^^^^^^^^^^^^^^^^^^^^^^^^^^^^^^^^^^^
  File "/home/airflow/.local/lib/python3.11/site-packages/airflow/models/taskinstance.py", line 734, in _execute_callable
    return ExecutionCallableRunner(
           ^^^^^^^^^^^^^^^^^^^^^^^^
  File "/home/airflow/.local/lib/python3.11/site-packages/airflow/utils/operator_helpers.py", line 252, in run
    return self.func(*args, **kwargs)
           ^^^^^^^^^^^^^^^^^^^^^^^^^^
  File "/home/airflow/.local/lib/python3.11/site-packages/airflow/models/baseoperator.py", line 424, in wrapper
    return func(self, *args, **kwargs)
           ^^^^^^^^^^^^^^^^^^^^^^^^^^^
  File "/home/airflow/.local/lib/python3.11/site-packages/airflow/operators/python.py", line 238, in execute
    return_value = self.execute_callable()
                   ^^^^^^^^^^^^^^^^^^^^^^^
  File "/home/airflow/.local/lib/python3.11/site-packages/airflow/operators/python.py", line 256, in execute_callable
    return runner.run(*self.op_args, **self.op_kwargs)
           ^^^^^^^^^^^^^^^^^^^^^^^^^^^^^^^^^^^^^^^^^^^
  File "/home/airflow/.local/lib/python3.11/site-packages/airflow/utils/operator_helpers.py", line 252, in run
    return self.func(*args, **kwargs)
           ^^^^^^^^^^^^^^^^^^^^^^^^^^
  File "/opt/airflow/dags/operational_analyst_dag.py", line 384, in data_quality_check
    raise ValueError(f"Data quality check FAILED untuk: {errors}")
ValueError: Data quality check FAILED untuk: ['review_score in range 1-5 or NULL']
[2026-06-06T08:35:17.029+0000] {taskinstance.py:1226} INFO - Marking task as UP_FOR_RETRY. dag_id=operational_analyst_dag, task_id=data_quality_check, run_id=manual__2026-06-06T08:12:47.057613+00:00, execution_date=20260606T081247, start_date=20260606T083516, end_date=20260606T083517
[2026-06-06T08:35:17.064+0000] {taskinstance.py:341} INFO - ::group::Post task execution logs
[2026-06-06T08:35:17.066+0000] {standard_task_runner.py:124} ERROR - Failed to execute job 49 for task data_quality_check (Data quality check FAILED untuk: ['review_score in range 1-5 or NULL']; 1116)
Traceback (most recent call last):
  File "/home/airflow/.local/lib/python3.11/site-packages/airflow/task/task_runner/standard_task_runner.py", line 117, in _start_by_fork
    ret = args.func(args, dag=self.dag)
          ^^^^^^^^^^^^^^^^^^^^^^^^^^^^^
  File "/home/airflow/.local/lib/python3.11/site-packages/airflow/cli/cli_config.py", line 49, in command
    return func(*args, **kwargs)
           ^^^^^^^^^^^^^^^^^^^^^
  File "/home/airflow/.local/lib/python3.11/site-packages/airflow/utils/cli.py", line 116, in wrapper
    return f(*args, **kwargs)
           ^^^^^^^^^^^^^^^^^^
  File "/home/airflow/.local/lib/python3.11/site-packages/airflow/cli/commands/task_command.py", line 483, in task_run
    task_return_code = _run_task_by_selected_method(args, _dag, ti)
                       ^^^^^^^^^^^^^^^^^^^^^^^^^^^^^^^^^^^^^^^^^^^^
  File "/home/airflow/.local/lib/python3.11/site-packages/airflow/cli/commands/task_command.py", line 256, in _run_task_by_selected_method
    return _run_raw_task(args, ti)
           ^^^^^^^^^^^^^^^^^^^^^^^
  File "/home/airflow/.local/lib/python3.11/site-packages/airflow/cli/commands/task_command.py", line 341, in _run_raw_task
    return ti._run_raw_task(
           ^^^^^^^^^^^^^^^^^
  File "/home/airflow/.local/lib/python3.11/site-packages/airflow/utils/session.py", line 97, in wrapper
    return func(*args, session=session, **kwargs)
           ^^^^^^^^^^^^^^^^^^^^^^^^^^^^^^^^^^^^^^
  File "/home/airflow/.local/lib/python3.11/site-packages/airflow/models/taskinstance.py", line 3006, in _run_raw_task
    return _run_raw_task(
           ^^^^^^^^^^^^^^
  File "/home/airflow/.local/lib/python3.11/site-packages/airflow/models/taskinstance.py", line 274, in _run_raw_task
    TaskInstance._execute_task_with_callbacks(
  File "/home/airflow/.local/lib/python3.11/site-packages/airflow/models/taskinstance.py", line 3161, in _execute_task_with_callbacks
    result = self._execute_task(context, task_orig)
             ^^^^^^^^^^^^^^^^^^^^^^^^^^^^^^^^^^^^^^
  File "/home/airflow/.local/lib/python3.11/site-packages/airflow/models/taskinstance.py", line 3185, in _execute_task
    return _execute_task(self, context, task_orig)
           ^^^^^^^^^^^^^^^^^^^^^^^^^^^^^^^^^^^^^^^
  File "/home/airflow/.local/lib/python3.11/site-packages/airflow/models/taskinstance.py", line 768, in _execute_task
    result = _execute_callable(context=context, **execute_callable_kwargs)
             ^^^^^^^^^^^^^^^^^^^^^^^^^^^^^^^^^^^^^^^^^^^^^^^^^^^^^^^^^^^^^
  File "/home/airflow/.local/lib/python3.11/site-packages/airflow/models/taskinstance.py", line 734, in _execute_callable
    return ExecutionCallableRunner(
           ^^^^^^^^^^^^^^^^^^^^^^^^
  File "/home/airflow/.local/lib/python3.11/site-packages/airflow/utils/operator_helpers.py", line 252, in run
    return self.func(*args, **kwargs)
           ^^^^^^^^^^^^^^^^^^^^^^^^^^
  File "/home/airflow/.local/lib/python3.11/site-packages/airflow/models/baseoperator.py", line 424, in wrapper
    return func(self, *args, **kwargs)
           ^^^^^^^^^^^^^^^^^^^^^^^^^^^
  File "/home/airflow/.local/lib/python3.11/site-packages/airflow/operators/python.py", line 238, in execute
    return_value = self.execute_callable()
                   ^^^^^^^^^^^^^^^^^^^^^^^
  File "/home/airflow/.local/lib/python3.11/site-packages/airflow/operators/python.py", line 256, in execute_callable
    return runner.run(*self.op_args, **self.op_kwargs)
           ^^^^^^^^^^^^^^^^^^^^^^^^^^^^^^^^^^^^^^^^^^^
  File "/home/airflow/.local/lib/python3.11/site-packages/airflow/utils/operator_helpers.py", line 252, in run
    return self.func(*args, **kwargs)
           ^^^^^^^^^^^^^^^^^^^^^^^^^^
  File "/opt/airflow/dags/operational_analyst_dag.py", line 384, in data_quality_check
    raise ValueError(f"Data quality check FAILED untuk: {errors}")
ValueError: Data quality check FAILED untuk: ['review_score in range 1-5 or NULL']
[2026-06-06T08:35:17.095+0000] {local_task_job_runner.py:266} INFO - Task exited with return code 1
[2026-06-06T08:35:17.121+0000] {taskinstance.py:3901} INFO - 0 downstream tasks scheduled from follow-on schedule check
[2026-06-06T08:35:17.124+0000] {local_task_job_runner.py:245} INFO - ::endgroup::
