[2026-06-09T13:24:22.826+0000] {local_task_job_runner.py:123} INFO - ::group::Pre task execution logs
[2026-06-09T13:24:22.865+0000] {taskinstance.py:2614} INFO - Dependencies all met for dep_context=non-requeueable deps ti=<TaskInstance: operational_analyst_dag.create_fact_table manual__2026-06-09T13:24:06.024640+00:00 [queued]>
[2026-06-09T13:24:22.887+0000] {taskinstance.py:2614} INFO - Dependencies all met for dep_context=requeueable deps ti=<TaskInstance: operational_analyst_dag.create_fact_table manual__2026-06-09T13:24:06.024640+00:00 [queued]>
[2026-06-09T13:24:22.889+0000] {taskinstance.py:2867} INFO - Starting attempt 1 of 2
[2026-06-09T13:24:22.905+0000] {taskinstance.py:2890} INFO - Executing <Task(PythonOperator): create_fact_table> on 2026-06-09 13:24:06.024640+00:00
[2026-06-09T13:24:22.917+0000] {standard_task_runner.py:72} INFO - Started process 288 to run task
[2026-06-09T13:24:22.921+0000] {standard_task_runner.py:104} INFO - Running: ['***', 'tasks', 'run', 'operational_analyst_dag', 'create_fact_table', 'manual__2026-06-09T13:24:06.024640+00:00', '--job-id', '90', '--raw', '--subdir', 'DAGS_FOLDER/operational_analyst_dag.py', '--cfg-path', '/tmp/tmpf0fyyaib']
[2026-06-09T13:24:22.926+0000] {standard_task_runner.py:105} INFO - Job 90: Subtask create_fact_table
[2026-06-09T13:24:23.029+0000] {task_command.py:467} INFO - Running <TaskInstance: operational_analyst_dag.create_fact_table manual__2026-06-09T13:24:06.024640+00:00 [running]> on host bc2514ec4b35
[2026-06-09T13:24:23.158+0000] {taskinstance.py:3134} INFO - Exporting env vars: AIRFLOW_CTX_DAG_OWNER='operational_analyst' AIRFLOW_CTX_DAG_ID='operational_analyst_dag' AIRFLOW_CTX_TASK_ID='create_fact_table' AIRFLOW_CTX_EXECUTION_DATE='2026-06-09T13:24:06.024640+00:00' AIRFLOW_CTX_TRY_NUMBER='1' AIRFLOW_CTX_DAG_RUN_ID='manual__2026-06-09T13:24:06.024640+00:00'
[2026-06-09T13:24:23.161+0000] {taskinstance.py:732} INFO - ::endgroup::
[2026-06-09T13:24:23.207+0000] {operational_analyst_dag.py:334} INFO - Executed: DROP TABLE IF EXISTS fact_operational_delivery...
[2026-06-09T13:24:23.230+0000] {operational_analyst_dag.py:334} INFO - Executed: CREATE TABLE IF NOT EXISTS fact_operational_delivery
(
    order_id   ...
[2026-06-09T13:24:24.145+0000] {operational_analyst_dag.py:334} INFO - Executed: INSERT INTO fact_operational_delivery
SELECT
    o.order_id,
    o.cus...
[2026-06-09T13:24:24.175+0000] {operational_analyst_dag.py:334} INFO - Executed: SELECT
    count()                                             AS tota...
[2026-06-09T13:24:24.200+0000] {operational_analyst_dag.py:334} INFO - Executed: SELECT
    customer_state,
    count()                                ...
[2026-06-09T13:24:24.227+0000] {operational_analyst_dag.py:334} INFO - Executed: SELECT
    seller_id,
    seller_city,
    seller_state,
    count()  ...
[2026-06-09T13:24:24.250+0000] {operational_analyst_dag.py:334} INFO - Executed: SELECT
    round(avg(approval_time_days), 2)       AS avg_approval_day...
[2026-06-09T13:24:24.268+0000] {operational_analyst_dag.py:334} INFO - Executed: SELECT
    is_delayed,
    round(avg(review_score), 3)     AS avg_revi...
[2026-06-09T13:24:24.284+0000] {operational_analyst_dag.py:334} INFO - Executed: SELECT
    toYYYYMM(order_purchase_timestamp)                  AS year...
[2026-06-09T13:24:24.303+0000] {operational_analyst_dag.py:336} WARNING - Skip/Warning: Code: 62.
DB::Exception: Syntax error: failed at position 125 ('round') (line 6, col 5): round(countIf(is_delayed = 1) / count() * 100, 2) AS delay_rate_pct
FROM fact_operational_delivery

SELECT
    count() AS total_orders
FROM fact_operational_del. Expected one of: FINAL, SAMPLE, table, table function, subquery or list of joined tables, array join, LEFT ARRAY JOIN, INNER, ARRAY JOIN, GLOBAL, LOCAL, ANY, ALL, ASOF, SEMI, ANTI, ONLY, LEFT, RIGHT, FULL, CROSS, PASTE, JOIN, PREWHERE, WHERE, GROUP BY, WITH, HAVING, WINDOW, QUALIFY, ORDER BY, LIMIT, OFFSET, FETCH, SETTINGS, UNION, EXCEPT, INTERSECT, INTO OUTFILE, FORMAT, end of query. Stack trace:

0. DB::Exception::Exception(DB::Exception::MessageMasked&&, int, bool) @ 0x000000000d17d45b
1. DB::Exception::createDeprecated(String const&, int, bool) @ 0x000000000d1e1ecd
2. DB::parseQueryAndMovePosition(DB::IParser&, char const*&, char const*, String const&, bool, unsigned long, unsigned long, unsigned long) @ 0x0000000012e64692
3. DB::executeQueryImpl(char const*, char const*, std::shared_ptr<DB::Context>, DB::QueryFlags, DB::QueryProcessingStage::Enum, DB::ReadBuffer*) @ 0x00000000113baad9
4. DB::executeQuery(String const&, std::shared_ptr<DB::Context>, DB::QueryFlags, DB::QueryProcessingStage::Enum) @ 0x00000000113b9d9a
5. DB::TCPHandler::runImpl() @ 0x000000001253ec64
6. DB::TCPHandler::run() @ 0x00000000125599f8
7. Poco::Net::TCPServerConnection::start() @ 0x000000001533c547
8. Poco::Net::TCPServerDispatcher::run() @ 0x000000001533c9d9
9. Poco::PooledThread::run() @ 0x0000000015309981
10. Poco::ThreadImpl::runnableEntry(void*) @ 0x0000000015307f3d
11. ? @ 0x000073cfff8ac609
12. ? @ 0x000073cfff7d1353

[2026-06-09T13:24:24.326+0000] {operational_analyst_dag.py:334} INFO - Executed: SELECT
    CASE
        WHEN actual_delivery_days <= 5 THEN '0-5 hari'...
[2026-06-09T13:24:24.341+0000] {operational_analyst_dag.py:334} INFO - Executed: SELECT
    CONCAT('Seller ', LEFT(seller_id, 6)) AS seller_name,
    R...
[2026-06-09T13:24:24.344+0000] {operational_analyst_dag.py:336} WARNING - Skip/Warning: Code: 62.
DB::Exception: Syntax error: failed at position 734 ('SELECT') (line 24, col 1): SELECT
    CONCAT('Seller ', LEFT(seller_id, 6)) AS seller_id,
    seller_city,
    seller_state,
    COUNT(*) AS total_orders,
    ROUND(countIf(is_delayed = 1. Expected one of: token sequence, Dot, token, OR, AND, IS NOT DISTINCT FROM, IS NULL, IS NOT NULL, BETWEEN, NOT BETWEEN, LIKE, ILIKE, NOT LIKE, NOT ILIKE, REGEXP, IN, NOT IN, GLOBAL IN, GLOBAL NOT IN, MOD, DIV, alias, AS, DESCENDING, DESC, ASCENDING, ASC, NULLS, COLLATE, WITH FILL, Comma, LIMIT, OFFSET, FETCH, SETTINGS, UNION, EXCEPT, INTERSECT, INTO OUTFILE, FORMAT, end of query. Stack trace:

0. DB::Exception::Exception(DB::Exception::MessageMasked&&, int, bool) @ 0x000000000d17d45b
1. DB::Exception::createDeprecated(String const&, int, bool) @ 0x000000000d1e1ecd
2. DB::parseQueryAndMovePosition(DB::IParser&, char const*&, char const*, String const&, bool, unsigned long, unsigned long, unsigned long) @ 0x0000000012e64692
3. DB::executeQueryImpl(char const*, char const*, std::shared_ptr<DB::Context>, DB::QueryFlags, DB::QueryProcessingStage::Enum, DB::ReadBuffer*) @ 0x00000000113baad9
4. DB::executeQuery(String const&, std::shared_ptr<DB::Context>, DB::QueryFlags, DB::QueryProcessingStage::Enum) @ 0x00000000113b9d9a
5. DB::TCPHandler::runImpl() @ 0x000000001253ec64
6. DB::TCPHandler::run() @ 0x00000000125599f8
7. Poco::Net::TCPServerConnection::start() @ 0x000000001533c547
8. Poco::Net::TCPServerDispatcher::run() @ 0x000000001533c9d9
9. Poco::PooledThread::run() @ 0x0000000015309981
10. Poco::ThreadImpl::runnableEntry(void*) @ 0x0000000015307f3d
11. ? @ 0x000073cfff8ac609
12. ? @ 0x000073cfff7d1353

[2026-06-09T13:24:24.358+0000] {operational_analyst_dag.py:334} INFO - Executed: SELECT
    customer_state,
    COUNT(*) AS total_orders,
    ROUND(cou...
[2026-06-09T13:24:24.372+0000] {operational_analyst_dag.py:334} INFO - Executed: SELECT
    if(is_delayed = 0, 'Tepat Waktu', 'Terlambat') AS status_pe...
[2026-06-09T13:24:24.391+0000] {operational_analyst_dag.py:334} INFO - Executed: SELECT
    CASE
        WHEN delay_days <= 0 THEN '1 - Tepat Waktu'
  ...
[2026-06-09T13:24:24.411+0000] {operational_analyst_dag.py:334} INFO - Executed: SELECT
    customer_city,
    customer_state,
    COUNT(*) AS total_or...
[2026-06-09T13:24:24.427+0000] {operational_analyst_dag.py:334} INFO - Executed: SELECT
    toDayOfWeek(order_purchase_timestamp) AS day_of_week,
    C...
[2026-06-09T13:24:24.440+0000] {operational_analyst_dag.py:334} INFO - Executed: SELECT
    toDayOfWeek(order_purchase_timestamp) AS day_of_week,
    C...
[2026-06-09T13:24:24.453+0000] {operational_analyst_dag.py:334} INFO - Executed: SELECT
    toDayOfWeek(order_purchase_timestamp) AS day_of_week,
    C...
[2026-06-09T13:24:24.458+0000] {operational_analyst_dag.py:341} INFO - fact_operational_delivery loaded: 96,984 baris
[2026-06-09T13:24:24.460+0000] {python.py:240} INFO - Done. Returned value was: None
[2026-06-09T13:24:24.474+0000] {taskinstance.py:341} INFO - ::group::Post task execution logs
[2026-06-09T13:24:24.476+0000] {taskinstance.py:353} INFO - Marking task as SUCCESS. dag_id=operational_analyst_dag, task_id=create_fact_table, run_id=manual__2026-06-09T13:24:06.024640+00:00, execution_date=20260609T132406, start_date=20260609T132422, end_date=20260609T132424
[2026-06-09T13:24:24.544+0000] {local_task_job_runner.py:266} INFO - Task exited with return code 0
[2026-06-09T13:24:24.578+0000] {taskinstance.py:3901} INFO - 1 downstream tasks scheduled from follow-on schedule check
[2026-06-09T13:24:24.581+0000] {local_task_job_runner.py:245} INFO - ::endgroup::
