[2026-06-08T13:04:30.186+0000] {local_task_job_runner.py:123} INFO - ::group::Pre task execution logs
[2026-06-08T13:04:30.333+0000] {taskinstance.py:2614} INFO - Dependencies all met for dep_context=non-requeueable deps ti=<TaskInstance: operational_analyst_dag.load_geolocation manual__2026-06-08T13:04:22.676509+00:00 [queued]>
[2026-06-08T13:04:30.383+0000] {taskinstance.py:2614} INFO - Dependencies all met for dep_context=requeueable deps ti=<TaskInstance: operational_analyst_dag.load_geolocation manual__2026-06-08T13:04:22.676509+00:00 [queued]>
[2026-06-08T13:04:30.387+0000] {taskinstance.py:2867} INFO - Starting attempt 1 of 2
[2026-06-08T13:04:30.457+0000] {taskinstance.py:2890} INFO - Executing <Task(PythonOperator): load_geolocation> on 2026-06-08 13:04:22.676509+00:00
[2026-06-08T13:04:30.519+0000] {standard_task_runner.py:72} INFO - Started process 272 to run task
[2026-06-08T13:04:30.601+0000] {standard_task_runner.py:104} INFO - Running: ['***', 'tasks', 'run', 'operational_analyst_dag', 'load_geolocation', 'manual__2026-06-08T13:04:22.676509+00:00', '--job-id', '72', '--raw', '--subdir', 'DAGS_FOLDER/operational_analyst_dag.py', '--cfg-path', '/tmp/tmpqlbez2ps']
[2026-06-08T13:04:30.628+0000] {standard_task_runner.py:105} INFO - Job 72: Subtask load_geolocation
[2026-06-08T13:04:31.222+0000] {task_command.py:467} INFO - Running <TaskInstance: operational_analyst_dag.load_geolocation manual__2026-06-08T13:04:22.676509+00:00 [running]> on host bc2514ec4b35
[2026-06-08T13:04:31.939+0000] {taskinstance.py:3134} INFO - Exporting env vars: AIRFLOW_CTX_DAG_OWNER='operational_analyst' AIRFLOW_CTX_DAG_ID='operational_analyst_dag' AIRFLOW_CTX_TASK_ID='load_geolocation' AIRFLOW_CTX_EXECUTION_DATE='2026-06-08T13:04:22.676509+00:00' AIRFLOW_CTX_TRY_NUMBER='1' AIRFLOW_CTX_DAG_RUN_ID='manual__2026-06-08T13:04:22.676509+00:00'
[2026-06-08T13:04:31.980+0000] {taskinstance.py:732} INFO - ::endgroup::
[2026-06-08T13:04:37.428+0000] {operational_analyst_dag.py:210} INFO -   Loaded geolocation.csv: 1,000,163 baris (raw)
[2026-06-08T13:04:43.463+0000] {operational_analyst_dag.py:226} INFO -   Geolocation setelah agregasi: 19,015 baris
[2026-06-08T13:04:43.517+0000] {operational_analyst_dag.py:232} INFO - stg_geolocation loaded: 19,015 baris
[2026-06-08T13:04:43.603+0000] {python.py:240} INFO - Done. Returned value was: None
[2026-06-08T13:04:43.621+0000] {taskinstance.py:341} INFO - ::group::Post task execution logs
[2026-06-08T13:04:43.623+0000] {taskinstance.py:353} INFO - Marking task as SUCCESS. dag_id=operational_analyst_dag, task_id=load_geolocation, run_id=manual__2026-06-08T13:04:22.676509+00:00, execution_date=20260608T130422, start_date=20260608T130430, end_date=20260608T130443
[2026-06-08T13:04:43.720+0000] {local_task_job_runner.py:266} INFO - Task exited with return code 0
[2026-06-08T13:04:43.785+0000] {taskinstance.py:3901} INFO - 0 downstream tasks scheduled from follow-on schedule check
[2026-06-08T13:04:43.790+0000] {local_task_job_runner.py:245} INFO - ::endgroup::
