[2026-06-06T08:41:33.070+0000] {local_task_job_runner.py:123} INFO - ::group::Pre task execution logs
[2026-06-06T08:41:33.093+0000] {taskinstance.py:2614} INFO - Dependencies all met for dep_context=non-requeueable deps ti=<TaskInstance: operational_analyst_dag.data_quality_check scheduled__2025-12-31T17:00:00+00:00 [queued]>
[2026-06-06T08:41:33.103+0000] {taskinstance.py:2614} INFO - Dependencies all met for dep_context=requeueable deps ti=<TaskInstance: operational_analyst_dag.data_quality_check scheduled__2025-12-31T17:00:00+00:00 [queued]>
[2026-06-06T08:41:33.105+0000] {taskinstance.py:2867} INFO - Starting attempt 1 of 2
[2026-06-06T08:41:33.117+0000] {taskinstance.py:2890} INFO - Executing <Task(PythonOperator): data_quality_check> on 2025-12-31 17:00:00+00:00
[2026-06-06T08:41:33.127+0000] {standard_task_runner.py:72} INFO - Started process 1370 to run task
[2026-06-06T08:41:33.131+0000] {standard_task_runner.py:104} INFO - Running: ['***', 'tasks', 'run', 'operational_analyst_dag', 'data_quality_check', 'scheduled__2025-12-31T17:00:00+00:00', '--job-id', '68', '--raw', '--subdir', 'DAGS_FOLDER/operational_analyst_dag.py', '--cfg-path', '/tmp/tmpu8sr29m5']
[2026-06-06T08:41:33.134+0000] {standard_task_runner.py:105} INFO - Job 68: Subtask data_quality_check
[2026-06-06T08:41:33.209+0000] {task_command.py:467} INFO - Running <TaskInstance: operational_analyst_dag.data_quality_check scheduled__2025-12-31T17:00:00+00:00 [running]> on host bc2514ec4b35
[2026-06-06T08:41:33.298+0000] {taskinstance.py:3134} INFO - Exporting env vars: AIRFLOW_CTX_DAG_OWNER='operational_analyst' AIRFLOW_CTX_DAG_ID='operational_analyst_dag' AIRFLOW_CTX_TASK_ID='data_quality_check' AIRFLOW_CTX_EXECUTION_DATE='2025-12-31T17:00:00+00:00' AIRFLOW_CTX_TRY_NUMBER='1' AIRFLOW_CTX_DAG_RUN_ID='scheduled__2025-12-31T17:00:00+00:00'
[2026-06-06T08:41:33.300+0000] {taskinstance.py:732} INFO - ::endgroup::
[2026-06-06T08:41:33.312+0000] {logging_mixin.py:190} INFO - 
============================================================
[2026-06-06T08:41:33.314+0000] {logging_mixin.py:190} INFO -   DATA QUALITY CHECK REPORT
[2026-06-06T08:41:33.315+0000] {logging_mixin.py:190} INFO - ============================================================
[2026-06-06T08:41:33.324+0000] {logging_mixin.py:190} INFO -   PASS | fact_operational_delivery row count > 0 (value: 96984)
[2026-06-06T08:41:33.337+0000] {logging_mixin.py:190} INFO -   PASS | No NULL order_id (value: 0)
[2026-06-06T08:41:33.348+0000] {logging_mixin.py:190} INFO -   PASS | No negative actual_delivery_days (value: 0)
[2026-06-06T08:41:33.358+0000] {logging_mixin.py:190} INFO -   PASS | review_score in range 1-5 or NULL (value: 0)
[2026-06-06T08:41:33.368+0000] {logging_mixin.py:190} INFO -   PASS | is_delayed only 0 or 1 (value: 0)
[2026-06-06T08:41:33.370+0000] {logging_mixin.py:190} INFO - ============================================================
[2026-06-06T08:41:33.371+0000] {operational_analyst_dag.py:386} INFO - Semua data quality checks passed!
[2026-06-06T08:41:33.373+0000] {python.py:240} INFO - Done. Returned value was: None
[2026-06-06T08:41:33.385+0000] {taskinstance.py:341} INFO - ::group::Post task execution logs
[2026-06-06T08:41:33.387+0000] {taskinstance.py:353} INFO - Marking task as SUCCESS. dag_id=operational_analyst_dag, task_id=data_quality_check, run_id=scheduled__2025-12-31T17:00:00+00:00, execution_date=20251231T170000, start_date=20260606T084133, end_date=20260606T084133
[2026-06-06T08:41:33.467+0000] {local_task_job_runner.py:266} INFO - Task exited with return code 0
[2026-06-06T08:41:33.487+0000] {taskinstance.py:3901} INFO - 0 downstream tasks scheduled from follow-on schedule check
[2026-06-06T08:41:33.490+0000] {local_task_job_runner.py:245} INFO - ::endgroup::
